timestamp: 2015-11-30T17:53:50.485343
CREATE TABLE auth_user(
    id INTEGER PRIMARY KEY AUTOINCREMENT,
    first_name CHAR(128),
    last_name CHAR(128),
    email CHAR(512),
    password CHAR(512),
    registration_key CHAR(512),
    reset_password_key CHAR(512),
    registration_id CHAR(512)
);
success!
timestamp: 2015-11-30T17:53:50.488592
CREATE TABLE auth_group(
    id INTEGER PRIMARY KEY AUTOINCREMENT,
    role CHAR(512),
    description TEXT
);
success!
timestamp: 2015-11-30T17:53:50.490034
CREATE TABLE auth_membership(
    id INTEGER PRIMARY KEY AUTOINCREMENT,
    user_id INTEGER REFERENCES auth_user (id) ON DELETE CASCADE  ,
    group_id INTEGER REFERENCES auth_group (id) ON DELETE CASCADE  
);
success!
timestamp: 2015-11-30T17:53:50.491453
CREATE TABLE auth_permission(
    id INTEGER PRIMARY KEY AUTOINCREMENT,
    group_id INTEGER REFERENCES auth_group (id) ON DELETE CASCADE  ,
    name CHAR(512),
    table_name CHAR(512),
    record_id INTEGER
);
success!
timestamp: 2015-11-30T17:53:50.493614
CREATE TABLE auth_event(
    id INTEGER PRIMARY KEY AUTOINCREMENT,
    time_stamp TIMESTAMP,
    client_ip CHAR(512),
    user_id INTEGER REFERENCES auth_user (id) ON DELETE CASCADE  ,
    origin CHAR(512),
    description TEXT
);
success!
timestamp: 2015-11-30T17:53:50.495915
CREATE TABLE auth_cas(
    id INTEGER PRIMARY KEY AUTOINCREMENT,
    user_id INTEGER REFERENCES auth_user (id) ON DELETE CASCADE  ,
    created_on TIMESTAMP,
    service CHAR(512),
    ticket CHAR(512),
    renew CHAR(1)
);
success!
timestamp: 2015-11-30T17:53:50.501155
CREATE TABLE people(
    id INTEGER PRIMARY KEY AUTOINCREMENT,
    user_id INTEGER REFERENCES auth_user (id) ON DELETE CASCADE  ,
    name CHAR(512),
    description TEXT
);
success!
timestamp: 2015-11-30T17:53:50.503231
CREATE TABLE messages(
    id INTEGER PRIMARY KEY AUTOINCREMENT,
    user0 INTEGER REFERENCES auth_user (id) ON DELETE CASCADE  ,
    user1 INTEGER REFERENCES auth_user (id) ON DELETE CASCADE  ,
    sender INTEGER REFERENCES auth_user (id) ON DELETE CASCADE  ,
    msg_time TIMESTAMP,
    msg_id TEXT
);
success!
timestamp: 2015-11-30T17:53:50.505224
CREATE TABLE textblob(
    id INTEGER PRIMARY KEY AUTOINCREMENT,
    mytext TEXT
);
success!
